<?xml version="1.0" encoding="UTF-8"?>
<testsuite xmlns:xsi="http://www.w3.org/2001/XMLSchema-instance" xsi:noNamespaceSchemaLocation="https://maven.apache.org/surefire/maven-surefire-plugin/xsd/surefire-test-report.xsd" name="com.parkit.parkingsystem.unitTests.modelTests.ParkingSpotTest" time="0" tests="3" errors="0" skipped="0" failures="0">
  <properties>
[...]
</properties>
  <testcase name="getParkingTypeTest" classname="com.parkit.parkingsystem.unitTests.modelTests.ParkingSpotTest" time="0"/>
  <testcase name="getIsAvailableTest" classname="com.parkit.parkingsystem.unitTests.modelTests.ParkingSpotTest" time="0"/>
  <testcase name="getIdTest" classname="com.parkit.parkingsystem.unitTests.modelTests.ParkingSpotTest" time="0"/>
</testsuite>